<?xml version="1.0" encoding="UTF-8"?>
<testsuite xmlns:xsi="http://www.w3.org/2001/XMLSchema-instance" xsi:noNamespaceSchemaLocation="https://maven.apache.org/surefire/maven-surefire-plugin/xsd/surefire-test-report-3.0.xsd" version="3.0" name="TestSuite" time="8.258" tests="1" errors="0" skipped="0" failures="1">
  <properties>
[...]
</properties>
  <testcase name="runScenario[&quot;Successful search bar result&quot;, &quot;landing page&quot;](1)" classname="Runner" time="6.757">
    <failure message="The title was not correct&#10;Expected: &quot;Endava&quot;&#10;     but: was &quot;Endavant - Organizatció Socialista d&apos;Alliberament Nacional&quot;" type="java.lang.AssertionError"><![CDATA[java.lang.AssertionError: 
The title was not correct
Expected: "Endava"
     but: was "Endavant - Organizatció Socialista d'Alliberament Nacional"
	at org.hamcrest.MatcherAssert.assertThat(MatcherAssert.java:20)
	at steps.ArticlePageSteps.theUserShouldGetTheCorrectArticlePageInTheFirstResult(ArticlePageSteps.java:27)
	at ✽.the user should get the correct article page in the first result(file:///C:/Users/MARIANA/Desktop/Pasantía/Challenges/mobile-challenge/src/test/resources/features/landing_page.feature:6)
]]></failure>
    <system-out><![CDATA[
Scenario: Successful search bar result                                  &amp#27;[90m# src/test/resources/features/landing_page.feature:3&amp#27;[0m
  &amp#27;[32mGiven &amp#27;[0m&amp#27;[32mthe user wants to make a search&amp#27;[0m                                 &amp#27;[90m# steps.LandingPageSteps.theUserWantsToMakeASearch()&amp#27;[0m
12:58:51.272 [main] INFO  pages.LandingPage - Searching for Endava
12:58:51.278 [main] INFO  pages.LandingPage - Waiting for search results
  &amp#27;[32mWhen &amp#27;[0m&amp#27;[32mthe user searches for &amp#27;[0m&amp#27;[32m&amp#27;[1m"Endava"&amp#27;[0m&amp#27;[32m in the page&amp#27;[0m                       &amp#27;[90m# steps.LandingPageSteps.theUserSearchesForInThePage(java.lang.String)&amp#27;[0m
  &amp#27;[31mThen &amp#27;[0m&amp#27;[31mthe user should get the correct article page in the first result&amp#27;[0m &amp#27;[90m# steps.ArticlePageSteps.theUserShouldGetTheCorrectArticlePageInTheFirstResult()&amp#27;[0m
      &amp#27;[31mjava.lang.AssertionError: The title was not correct
Expected: "Endava"
     but: was "Endavant - OrganizatciÃ³ Socialista d'Alliberament Nacional"
	at org.hamcrest.MatcherAssert.assertThat(MatcherAssert.java:20)
	at steps.ArticlePageSteps.theUserShouldGetTheCorrectArticlePageInTheFirstResult(ArticlePageSteps.java:27)
	at âœ½.the user should get the correct article page in the first result(file:///C:/Users/MARIANA/Desktop/PasantÃ­a/Challenges/mobile-challenge/src/test/resources/features/landing_page.feature:6)
&amp#27;[0m

    Embedding Screenshot of failed test case [image/png 214087 bytes]

]]></system-out>
    <system-err><![CDATA[SLF4J: Failed to load class "org.slf4j.impl.StaticLoggerBinder".
SLF4J: Defaulting to no-operation (NOP) logger implementation
SLF4J: See http://www.slf4j.org/codes.html#StaticLoggerBinder for further details.
Starting ChromeDriver 111.0.5563.64 (c710e93d5b63b7095afe8c2c17df34408078439d-refs/branch-heads/5563@{#995}) on port 48213
Only local connections are allowed.
Please see https://chromedriver.chromium.org/security-considerations for suggestions on keeping ChromeDriver safe.
ChromeDriver was started successfully.
mar 15, 2023 12:58:48 P. M. org.openqa.selenium.devtools.CdpVersionFinder findNearestMatch
WARNING: Unable to find an exact match for CDP version 111, so returning the closest version found: 110
]]></system-err>
  </testcase>
</testsuite>