<?xml version="1.0" encoding="UTF-8"?>
<testsuite xmlns:xsi="http://www.w3.org/2001/XMLSchema-instance" xsi:noNamespaceSchemaLocation="https://maven.apache.org/surefire/maven-surefire-plugin/xsd/surefire-test-report-3.0.xsd" version="3.0" name="TestSuite" time="96.357" tests="1" errors="0" skipped="0" failures="1">
  <properties>
[...]
</properties>
  <testcase name="runScenario[&quot;Successful search skipping login&quot;, &quot;Search&quot;](1)" classname="Runner" time="93.426">
    <failure message="An element could not be located on the page using the given search parameters.&#10;For documentation on this error, please visit: https://www.seleniumhq.org/exceptions/no_such_element.html&#10;Build info: version: &apos;3.141.59&apos;, revision: &apos;e82be7d358&apos;, time: &apos;2018-11-14T08:17:03&apos;&#10;System info: host: &apos;DESKTOP-G3L0C0N&apos;, ip: &apos;192.168.1.5&apos;, os.name: &apos;Windows 10&apos;, os.arch: &apos;amd64&apos;, os.version: &apos;10.0&apos;, java.version: &apos;17.0.6&apos;&#10;Driver info: io.appium.java_client.android.AndroidDriver&#10;Capabilities {appActivity: com.imdb.mobile.HomeActivity, appPackage: com.imdb.mobile, automationName: UiAutomator2, databaseEnabled: false, desired: {appActivity: com.imdb.mobile.HomeActivity, appPackage: com.imdb.mobile, automationName: UiAutomator2, deviceName: emulator-5554, platformName: android, platformVersion: 13.0}, deviceApiLevel: 33, deviceManufacturer: Google, deviceModel: sdk_gphone64_x86_64, deviceName: emulator-5554, deviceScreenDensity: 420, deviceScreenSize: 1080x1920, deviceUDID: emulator-5554, javascriptEnabled: true, locationContextEnabled: false, networkConnectionEnabled: true, pixelRatio: 2.625, platform: LINUX, platformName: Android, platformVersion: 13, statBarHeight: 63, takesScreenshot: true, viewportRect: {height: 1794, left: 0, top: 63, width: 1080}, warnings: {}, webStorageEnabled: false}&#10;Session ID: fe8aa869-8185-469f-85a1-c52a4deb1644&#10;*** Element info: {Using=-android uiautomator, value=UiSelector().resourceId(&quot;com.imdb.mobile:id/plot_overview&quot;)}" type="org.openqa.selenium.NoSuchElementException"><![CDATA[org.openqa.selenium.NoSuchElementException: 
An element could not be located on the page using the given search parameters.
For documentation on this error, please visit: https://www.seleniumhq.org/exceptions/no_such_element.html
Build info: version: '3.141.59', revision: 'e82be7d358', time: '2018-11-14T08:17:03'
System info: host: 'DESKTOP-G3L0C0N', ip: '192.168.1.5', os.name: 'Windows 10', os.arch: 'amd64', os.version: '10.0', java.version: '17.0.6'
Driver info: io.appium.java_client.android.AndroidDriver
Capabilities {appActivity: com.imdb.mobile.HomeActivity, appPackage: com.imdb.mobile, automationName: UiAutomator2, databaseEnabled: false, desired: {appActivity: com.imdb.mobile.HomeActivity, appPackage: com.imdb.mobile, automationName: UiAutomator2, deviceName: emulator-5554, platformName: android, platformVersion: 13.0}, deviceApiLevel: 33, deviceManufacturer: Google, deviceModel: sdk_gphone64_x86_64, deviceName: emulator-5554, deviceScreenDensity: 420, deviceScreenSize: 1080x1920, deviceUDID: emulator-5554, javascriptEnabled: true, locationContextEnabled: false, networkConnectionEnabled: true, pixelRatio: 2.625, platform: LINUX, platformName: Android, platformVersion: 13, statBarHeight: 63, takesScreenshot: true, viewportRect: {height: 1794, left: 0, top: 63, width: 1080}, warnings: {}, webStorageEnabled: false}
Session ID: fe8aa869-8185-469f-85a1-c52a4deb1644
*** Element info: {Using=-android uiautomator, value=UiSelector().resourceId("com.imdb.mobile:id/plot_overview")}
	at java.base/jdk.internal.reflect.NativeConstructorAccessorImpl.newInstance0(Native Method)
	at java.base/jdk.internal.reflect.NativeConstructorAccessorImpl.newInstance(NativeConstructorAccessorImpl.java:77)
	at java.base/jdk.internal.reflect.DelegatingConstructorAccessorImpl.newInstance(DelegatingConstructorAccessorImpl.java:45)
	at java.base/java.lang.reflect.Constructor.newInstanceWithCaller(Constructor.java:499)
	at java.base/java.lang.reflect.Constructor.newInstance(Constructor.java:480)
	at org.openqa.selenium.remote.http.W3CHttpResponseCodec.createException(W3CHttpResponseCodec.java:187)
	at org.openqa.selenium.remote.http.W3CHttpResponseCodec.decode(W3CHttpResponseCodec.java:122)
	at org.openqa.selenium.remote.http.W3CHttpResponseCodec.decode(W3CHttpResponseCodec.java:49)
	at org.openqa.selenium.remote.HttpCommandExecutor.execute(HttpCommandExecutor.java:158)
	at io.appium.java_client.remote.AppiumCommandExecutor.execute(AppiumCommandExecutor.java:239)
	at org.openqa.selenium.remote.RemoteWebDriver.execute(RemoteWebDriver.java:552)
	at io.appium.java_client.DefaultGenericMobileDriver.execute(DefaultGenericMobileDriver.java:41)
	at io.appium.java_client.AppiumDriver.execute(AppiumDriver.java:1)
	at io.appium.java_client.android.AndroidDriver.execute(AndroidDriver.java:1)
	at org.openqa.selenium.remote.RemoteWebDriver.findElement(RemoteWebDriver.java:323)
	at io.appium.java_client.DefaultGenericMobileDriver.findElement(DefaultGenericMobileDriver.java:61)
	at io.appium.java_client.AppiumDriver.findElement(AppiumDriver.java:1)
	at io.appium.java_client.android.AndroidDriver.findElement(AndroidDriver.java:1)
	at io.appium.java_client.FindsByAndroidUIAutomator.findElementByAndroidUIAutomator(FindsByAndroidUIAutomator.java:38)
	at adapter.bases.BaseMobileScreen.locateElementUiSelector(BaseMobileScreen.java:22)
	at adapter.bases.BaseMobileScreen.waitForElementPresence(BaseMobileScreen.java:31)
	at adapter.screens.MovieScreen.getPlotOverview(MovieScreen.java:17)
	at steps.MovieSteps.theUserShouldSeeTheCorrectMovieOverviewInTheFirstResult(MovieSteps.java:14)
	at ✽.the user should see the correct movie overview in the first result(file:///C:/Users/MARIANA/Desktop/Pasantía/Challenges/mobile-challenge/src/test/resources/features/imdb_not_logged_search.feature:5)
]]></failure>
    <system-out><![CDATA[
Scenario: Successful search skipping login                                &amp#27;[90m# src/test/resources/features/imdb_not_logged_search.feature:2&amp#27;[0m
  &amp#27;[32mGiven &amp#27;[0m&amp#27;[32mthe user wants to make a search skipping login&amp#27;[0m                    &amp#27;[90m# steps.LoginSteps.theUserWantsToMakeASearchSkippingLogin()&amp#27;[0m
  &amp#27;[32mWhen &amp#27;[0m&amp#27;[32mthe user searches for the movie &amp#27;[0m&amp#27;[32m&amp#27;[1m"Men in black"&amp#27;[0m                     &amp#27;[90m# steps.SearchSteps.theUserSearchesForTheMovie(java.lang.String)&amp#27;[0m
  &amp#27;[31mThen &amp#27;[0m&amp#27;[31mthe user should see the correct movie overview in the first result&amp#27;[0m &amp#27;[90m# steps.MovieSteps.theUserShouldSeeTheCorrectMovieOverviewInTheFirstResult()&amp#27;[0m
      &amp#27;[31morg.openqa.selenium.NoSuchElementException: An element could not be located on the page using the given search parameters.
For documentation on this error, please visit: https://www.seleniumhq.org/exceptions/no_such_element.html
Build info: version: '3.141.59', revision: 'e82be7d358', time: '2018-11-14T08:17:03'
System info: host: 'DESKTOP-G3L0C0N', ip: '192.168.1.5', os.name: 'Windows 10', os.arch: 'amd64', os.version: '10.0', java.version: '17.0.6'
Driver info: io.appium.java_client.android.AndroidDriver
Capabilities {appActivity: com.imdb.mobile.HomeActivity, appPackage: com.imdb.mobile, automationName: UiAutomator2, databaseEnabled: false, desired: {appActivity: com.imdb.mobile.HomeActivity, appPackage: com.imdb.mobile, automationName: UiAutomator2, deviceName: emulator-5554, platformName: android, platformVersion: 13.0}, deviceApiLevel: 33, deviceManufacturer: Google, deviceModel: sdk_gphone64_x86_64, deviceName: emulator-5554, deviceScreenDensity: 420, deviceScreenSize: 1080x1920, deviceUDID: emulator-5554, javascriptEnabled: true, locationContextEnabled: false, networkConnectionEnabled: true, pixelRatio: 2.625, platform: LINUX, platformName: Android, platformVersion: 13, statBarHeight: 63, takesScreenshot: true, viewportRect: {height: 1794, left: 0, top: 63, width: 1080}, warnings: {}, webStorageEnabled: false}
Session ID: fe8aa869-8185-469f-85a1-c52a4deb1644
*** Element info: {Using=-android uiautomator, value=UiSelector().resourceId("com.imdb.mobile:id/plot_overview")}
	at java.base/jdk.internal.reflect.NativeConstructorAccessorImpl.newInstance0(Native Method)
	at java.base/jdk.internal.reflect.NativeConstructorAccessorImpl.newInstance(NativeConstructorAccessorImpl.java:77)
	at java.base/jdk.internal.reflect.DelegatingConstructorAccessorImpl.newInstance(DelegatingConstructorAccessorImpl.java:45)
	at java.base/java.lang.reflect.Constructor.newInstanceWithCaller(Constructor.java:499)
	at java.base/java.lang.reflect.Constructor.newInstance(Constructor.java:480)
	at org.openqa.selenium.remote.http.W3CHttpResponseCodec.createException(W3CHttpResponseCodec.java:187)
	at org.openqa.selenium.remote.http.W3CHttpResponseCodec.decode(W3CHttpResponseCodec.java:122)
	at org.openqa.selenium.remote.http.W3CHttpResponseCodec.decode(W3CHttpResponseCodec.java:49)
	at org.openqa.selenium.remote.HttpCommandExecutor.execute(HttpCommandExecutor.java:158)
	at io.appium.java_client.remote.AppiumCommandExecutor.execute(AppiumCommandExecutor.java:239)
	at org.openqa.selenium.remote.RemoteWebDriver.execute(RemoteWebDriver.java:552)
	at io.appium.java_client.DefaultGenericMobileDriver.execute(DefaultGenericMobileDriver.java:41)
	at io.appium.java_client.AppiumDriver.execute(AppiumDriver.java:1)
	at io.appium.java_client.android.AndroidDriver.execute(AndroidDriver.java:1)
	at org.openqa.selenium.remote.RemoteWebDriver.findElement(RemoteWebDriver.java:323)
	at io.appium.java_client.DefaultGenericMobileDriver.findElement(DefaultGenericMobileDriver.java:61)
	at io.appium.java_client.AppiumDriver.findElement(AppiumDriver.java:1)
	at io.appium.java_client.android.AndroidDriver.findElement(AndroidDriver.java:1)
	at io.appium.java_client.FindsByAndroidUIAutomator.findElementByAndroidUIAutomator(FindsByAndroidUIAutomator.java:38)
	at adapter.bases.BaseMobileScreen.locateElementUiSelector(BaseMobileScreen.java:22)
	at adapter.bases.BaseMobileScreen.waitForElementPresence(BaseMobileScreen.java:31)
	at adapter.screens.MovieScreen.getPlotOverview(MovieScreen.java:17)
	at steps.MovieSteps.theUserShouldSeeTheCorrectMovieOverviewInTheFirstResult(MovieSteps.java:14)
	at âœ½.the user should see the correct movie overview in the first result(file:///C:/Users/MARIANA/Desktop/PasantÃ­a/Challenges/mobile-challenge/src/test/resources/features/imdb_not_logged_search.feature:5)
&amp#27;[0m
]]></system-out>
    <system-err><![CDATA[SLF4J: Failed to load class "org.slf4j.impl.StaticLoggerBinder".
SLF4J: Defaulting to no-operation (NOP) logger implementation
SLF4J: See http://www.slf4j.org/codes.html#StaticLoggerBinder for further details.
mar 16, 2023 2:26:23 P. M. io.appium.java_client.remote.AppiumCommandExecutor$1 lambda$0
INFO: Detected dialect: W3C
]]></system-err>
  </testcase>
</testsuite>